This is pdfTeX, Version 3.1415926-2.5-1.40.14 (MiKTeX 2.9) (preloaded format=pdflatex 2014.5.2)  27 MAY 2014 11:27
entering extended mode
**aiaa.ins
("C:\Users\Miranda\Google Drive\Research\LaTeX\AIAA Template\aiaa.ins"
LaTeX2e <2011/06/27>
Babel <v3.8m> and hyphenation patterns for english, afrikaans, ancientgreek, arabic, armenian, assamese, basque, bengali
, bokmal, bulgarian, catalan, coptic, croatian, czech, danish, dutch, esperanto, estonian, farsi, finnish, french, galic
ian, german, german-x-2013-05-26, greek, gujarati, hindi, hungarian, icelandic, indonesian, interlingua, irish, italian,
 kannada, kurmanji, latin, latvian, lithuanian, malayalam, marathi, mongolian, mongolianlmc, monogreek, ngerman, ngerman
-x-2013-05-26, nynorsk, oriya, panjabi, pinyin, polish, portuguese, romanian, russian, sanskrit, serbian, slovak, sloven
ian, spanish, swedish, swissgerman, tamil, telugu, turkish, turkmen, ukenglish, ukrainian, uppersorbian, usenglishmax, w
elsh, loaded.
("C:\Program Files (x86)\MiKTeX 2.9\tex\latex\base\docstrip.tex"
\blockLevel=\count79
\emptyLines=\count80
\processedLines=\count81
\commentsRemoved=\count82
\commentsPassed=\count83
\codeLinesPassed=\count84
\TotalprocessedLines=\count85
\TotalcommentsRemoved=\count86
\TotalcommentsPassed=\count87
\TotalcodeLinesPassed=\count88
\NumberOfFiles=\count89
\inFile=\read1
\inputcheck=\read2
\off@0=\count90
\off@1=\count91
\off@2=\count92
\off@3=\count93
\off@4=\count94
\off@5=\count95
\off@6=\count96
\off@7=\count97
\off@8=\count98
\off@9=\count99
\off@10=\count100
\off@11=\count101
\off@12=\count102
\off@13=\count103
\off@14=\count104
\off@15=\count105
\@maxfiles=\count106
\@maxoutfiles=\count107

Utility: `docstrip' 2.5d <2005/07/29>
English documentation    <1999/03/31>

**********************************************************
* This program converts documented macro-files into fast *
* loadable files by stripping off (nearly) all comments! *
**********************************************************

********************************************************
* No Configuration file found, using default settings. *
********************************************************

("C:\Users\Miranda\Google Drive\Research\LaTeX\AIAA Template\aiaa.ins"

Generating file(s) ./aiaa-tc.cls 

Processing file aiaa.dtx (class) -> aiaa-tc.cls
Lines  processed: 2538
Comments removed: 756
Comments  passed: 92
Codelines passed: 1684


Generating file(s) ./aiaa.bst 

Processing file aiaa.dtx (bibstyle) -> aiaa.bst
Lines  processed: 2538
Comments removed: 756
Comments  passed: 92
Codelines passed: 1684

::::::::::::::::::::::::::::::::::::::::::::::::::::::::::::::::::::::::
 
 The AIAA class file,
 
 aiaa-tc.cls
 
 needs to be moved into a directory searched by LaTeX.
 
 The bibliography style file,
 
 aiaa.bst
 
 needs to be moved into a directory searched by BibTeX.
 
 The users manual, `aiaa.pdf', contains more detailed installation
 instructions. If you do not have this file, it can be created
 by running the file `aiaa.dtx' through (PDF)LaTeX.
 
::::::::::::::::::::::::::::::::::::::::::::::::::::::::::::::::::::::::
)
Overall statistics:
Files  processed: 2
Lines  processed: 5076
Comments removed: 1512
Comments  passed: 184
Codelines passed: 3368
 ) ) 
Here is how much of TeX's memory you used:
 328 strings out of 493921
 3505 string characters out of 3144871
 52822 words of memory out of 3000000
 3711 multiletter control sequences out of 15000+200000
 3640 words of font info for 14 fonts, out of 3000000 for 9000
 841 hyphenation exceptions out of 8191
 15i,0n,15p,194b,125s stack positions out of 5000i,500n,10000p,200000b,50000s

No pages of output.
PDF statistics:
 0 PDF objects out of 1000 (max. 8388607)
 0 named destinations out of 1000 (max. 500000)
 1 words of extra memory for PDF output out of 10000 (max. 10000000)

