This is pdfTeX, Version 3.1415926-2.5-1.40.14 (MiKTeX 2.9) (preloaded format=pdflatex 2014.5.2)  1 DEC 2014 17:05
entering extended mode
**AIAA*SciTech*Draft_Final.tex

("C:\Users\Miranda\Documents\GitHub\OpNavEKF\AIAA SciTech Paper\AIAA SciTech Dr
aft_Final.tex"
LaTeX2e <2011/06/27>
Babel <v3.8m> and hyphenation patterns for english, afrikaans, ancientgreek, ar
abic, armenian, assamese, basque, bengali, bokmal, bulgarian, catalan, coptic, 
croatian, czech, danish, dutch, esperanto, estonian, farsi, finnish, french, ga
lician, german, german-x-2013-05-26, greek, gujarati, hindi, hungarian, iceland
ic, indonesian, interlingua, irish, italian, kannada, kurmanji, latin, latvian,
 lithuanian, malayalam, marathi, mongolian, mongolianlmc, monogreek, ngerman, n
german-x-2013-05-26, nynorsk, oriya, panjabi, pinyin, polish, portuguese, roman
ian, russian, sanskrit, serbian, slovak, slovenian, spanish, swedish, swissgerm
an, tamil, telugu, turkish, turkmen, ukenglish, ukrainian, uppersorbian, usengl
ishmax, welsh, loaded.

If latex fails to find aiaa-tc, read the README file!
("C:\Users\Miranda\Documents\GitHub\OpNavEKF\AIAA SciTech Paper\aiaa-tc.cls"
Document Class: aiaa-tc 2004/11/23 v3.8 AIAA technical conference paper
("C:\Program Files (x86)\MiKTeX 2.9\tex\latex\base\article.cls"
Document Class: article 2007/10/19 v1.4h Standard LaTeX document class
("C:\Program Files (x86)\MiKTeX 2.9\tex\latex\base\size10.clo"
File: size10.clo 2007/10/19 v1.4h Standard LaTeX file (size option)
)
\c@part=\count79
\c@section=\count80
\c@subsection=\count81
\c@subsubsection=\count82
\c@paragraph=\count83
\c@subparagraph=\count84
\c@figure=\count85
\c@table=\count86
\abovecaptionskip=\skip41
\belowcaptionskip=\skip42
\bibindent=\dimen102
)
(C:\Users\Miranda\AppData\Roaming\MiKTeX\2.9\tex\latex\geometry-de\geometry.sty
Package: geometry 2010/09/12 v5.6 Page Geometry
("C:\Program Files (x86)\MiKTeX 2.9\tex\latex\graphics\keyval.sty"
Package: keyval 1999/03/16 v1.13 key=value parser (DPC)
\KV@toks@=\toks14
)
("C:\Program Files (x86)\MiKTeX 2.9\tex\generic\oberdiek\ifpdf.sty"
Package: ifpdf 2011/01/30 v2.3 Provides the ifpdf switch (HO)
Package ifpdf Info: pdfTeX in PDF mode is detected.
)
("C:\Program Files (x86)\MiKTeX 2.9\tex\generic\oberdiek\ifvtex.sty"
Package: ifvtex 2010/03/01 v1.5 Detect VTeX and its facilities (HO)
Package ifvtex Info: VTeX not detected.
)
("C:\Program Files (x86)\MiKTeX 2.9\tex\generic\ifxetex\ifxetex.sty"
Package: ifxetex 2010/09/12 v0.6 Provides ifxetex conditional
)
\Gm@cnth=\count87
\Gm@cntv=\count88
\c@Gm@tempcnt=\count89
\Gm@bindingoffset=\dimen103
\Gm@wd@mp=\dimen104
\Gm@odd@mp=\dimen105
\Gm@even@mp=\dimen106
\Gm@layoutwidth=\dimen107
\Gm@layoutheight=\dimen108
\Gm@layouthoffset=\dimen109
\Gm@layoutvoffset=\dimen110
\Gm@dimlist=\toks15

("C:\Program Files (x86)\MiKTeX 2.9\tex\latex\geometry\geometry.cfg"))
(C:\Users\Miranda\AppData\Roaming\MiKTeX\2.9\tex\latex\cite\overcite.sty
Package: overcite 1999/04/23  v 3.8
)
(C:\Users\Miranda\AppData\Roaming\MiKTeX\2.9\tex\latex\fancyhdr\fancyhdr.sty
\fancy@headwidth=\skip43
\f@ncyO@elh=\skip44
\f@ncyO@erh=\skip45
\f@ncyO@olh=\skip46
\f@ncyO@orh=\skip47
\f@ncyO@elf=\skip48
\f@ncyO@erf=\skip49
\f@ncyO@olf=\skip50
\f@ncyO@orf=\skip51
)
(C:\Users\Miranda\AppData\Roaming\MiKTeX\2.9\tex\latex\lastpage\lastpage.sty
Package: lastpage 2013/01/28 v1.2l Refers to last page's name (HMM; JPG)
)
("C:\Program Files (x86)\MiKTeX 2.9\tex\latex\graphics\graphicx.sty"
Package: graphicx 1999/02/16 v1.0f Enhanced LaTeX Graphics (DPC,SPQR)

("C:\Program Files (x86)\MiKTeX 2.9\tex\latex\graphics\graphics.sty"
Package: graphics 2009/02/05 v1.0o Standard LaTeX Graphics (DPC,SPQR)

("C:\Program Files (x86)\MiKTeX 2.9\tex\latex\graphics\trig.sty"
Package: trig 1999/03/16 v1.09 sin cos tan (DPC)
)
("C:\Program Files (x86)\MiKTeX 2.9\tex\latex\00miktex\graphics.cfg"
File: graphics.cfg 2007/01/18 v1.5 graphics configuration of teTeX/TeXLive
)
Package graphics Info: Driver file: pdftex.def on input line 91.

("C:\Program Files (x86)\MiKTeX 2.9\tex\latex\pdftex-def\pdftex.def"
File: pdftex.def 2011/05/27 v0.06d Graphics/color for pdfTeX

("C:\Program Files (x86)\MiKTeX 2.9\tex\generic\oberdiek\infwarerr.sty"
Package: infwarerr 2010/04/08 v1.3 Providing info/warning/error messages (HO)
)
("C:\Program Files (x86)\MiKTeX 2.9\tex\generic\oberdiek\ltxcmds.sty"
Package: ltxcmds 2011/11/09 v1.22 LaTeX kernel commands for general use (HO)
)
\Gread@gobject=\count90
))
\Gin@req@height=\dimen111
\Gin@req@width=\dimen112
)
("C:\Program Files (x86)\MiKTeX 2.9\tex\latex\tools\array.sty"
Package: array 2008/09/09 v2.4c Tabular extension package (FMi)
\col@sep=\dimen113
\extrarowheight=\dimen114
\NC@list=\toks16
\extratabsurround=\skip52
\backup@length=\skip53
)
\aiaa@overhang=\skip54
\c@aiaa@cthanks=\count91
\c@aiaa@cfootnote=\count92
)
(C:\Users\Miranda\AppData\Roaming\MiKTeX\2.9\tex\latex\setspace\setspace.sty
Package: setspace 2011/12/19 v6.7a set line spacing
)
(C:\Users\Miranda\AppData\Roaming\MiKTeX\2.9\tex\latex\caption\subcaption.sty
Package: subcaption 2013/02/03 v1.1-62 Sub-captions (AR)

(C:\Users\Miranda\AppData\Roaming\MiKTeX\2.9\tex\latex\caption\caption.sty
Package: caption 2013/05/02 v3.3-89 Customizing captions (AR)

(C:\Users\Miranda\AppData\Roaming\MiKTeX\2.9\tex\latex\caption\caption3.sty
Package: caption3 2013/05/02 v1.6-88 caption3 kernel (AR)
Package caption3 Info: TeX engine: e-TeX on input line 57.
\captionmargin=\dimen115
\captionmargin@=\dimen116
\captionwidth=\dimen117
\caption@tempdima=\dimen118
\caption@indent=\dimen119
\caption@parindent=\dimen120
\caption@hangindent=\dimen121
Package caption Info: Unknown document class (or package),
(caption)             standard defaults will be used.
)

Package caption Warning: Unsupported document class (or package) detected,
(caption)                usage of the caption package is not recommended.
See the caption package documentation for explanation.

Package caption Info: \@makecaption = \long macro:#1#2->\vskip \abovecaptionski
p \sbox \@tempboxa {\scriptsize \bfseries #1.~~#2}\ifdim \wd \@tempboxa >\hsize
 \scriptsize \bfseries #1.~~#2\par \else \global \@minipagefalse \hb@xt@ \hsize
 {\hfil \box \@tempboxa \hfil }\fi \vskip \belowcaptionskip .
\c@ContinuedFloat=\count93
)
\c@subfigure=\count94
\c@subtable=\count95
) (C:\Users\Miranda\AppData\Roaming\MiKTeX\2.9\tex\latex\was\gensymb.sty
Package: gensymb 2003/07/02 v1.0 (WaS)
)
("C:\Program Files (x86)\MiKTeX 2.9\tex\latex\amsfonts\amssymb.sty"
Package: amssymb 2013/01/14 v3.01 AMS font symbols

("C:\Program Files (x86)\MiKTeX 2.9\tex\latex\amsfonts\amsfonts.sty"
Package: amsfonts 2013/01/14 v3.01 Basic AMSFonts support
\@emptytoks=\toks17
\symAMSa=\mathgroup4
\symAMSb=\mathgroup5
LaTeX Font Info:    Overwriting math alphabet `\mathfrak' in version `bold'
(Font)                  U/euf/m/n --> U/euf/b/n on input line 106.
))
("C:\Program Files (x86)\MiKTeX 2.9\tex\latex\amsmath\amstext.sty"
Package: amstext 2000/06/29 v2.01

("C:\Program Files (x86)\MiKTeX 2.9\tex\latex\amsmath\amsgen.sty"
File: amsgen.sty 1999/11/30 v2.0
\@emptytoks=\toks18
\ex@=\dimen122
))
("C:\Program Files (x86)\MiKTeX 2.9\tex\latex\amsmath\amsmath.sty"
Package: amsmath 2013/01/14 v2.14 AMS math features
\@mathmargin=\skip55

For additional information on amsmath, use the `?' option.
("C:\Program Files (x86)\MiKTeX 2.9\tex\latex\amsmath\amsbsy.sty"
Package: amsbsy 1999/11/29 v1.2d
\pmbraise@=\dimen123
)
("C:\Program Files (x86)\MiKTeX 2.9\tex\latex\amsmath\amsopn.sty"
Package: amsopn 1999/12/14 v2.01 operator names
)
\inf@bad=\count96
LaTeX Info: Redefining \frac on input line 210.
\uproot@=\count97
\leftroot@=\count98
LaTeX Info: Redefining \overline on input line 306.
\classnum@=\count99
\DOTSCASE@=\count100
LaTeX Info: Redefining \ldots on input line 378.
LaTeX Info: Redefining \dots on input line 381.
LaTeX Info: Redefining \cdots on input line 466.
\Mathstrutbox@=\box26
\strutbox@=\box27
\big@size=\dimen124
LaTeX Font Info:    Redeclaring font encoding OML on input line 566.
LaTeX Font Info:    Redeclaring font encoding OMS on input line 567.
\macc@depth=\count101
\c@MaxMatrixCols=\count102
\dotsspace@=\muskip10
\c@parentequation=\count103
\dspbrk@lvl=\count104
\tag@help=\toks19
\row@=\count105
\column@=\count106
\maxfields@=\count107
\andhelp@=\toks20
\eqnshift@=\dimen125
\alignsep@=\dimen126
\tagshift@=\dimen127
\tagwidth@=\dimen128
\totwidth@=\dimen129
\lineht@=\dimen130
\@envbody=\toks21
\multlinegap=\skip56
\multlinetaggap=\skip57
\mathdisplay@stack=\toks22
LaTeX Info: Redefining \[ on input line 2665.
LaTeX Info: Redefining \] on input line 2666.
)
("C:\Program Files (x86)\MiKTeX 2.9\tex\latex\tools\hhline.sty"
Package: hhline 1994/05/23 v2.03 Table rule package (DPC)
)
("C:\Users\Miranda\Documents\GitHub\OpNavEKF\AIAA SciTech Paper\AIAA SciTech Dr
aft_Final.aux"

LaTeX Warning: Label `eq:F' multiply defined.


LaTeX Warning: Label `fig:coastline' multiply defined.


LaTeX Warning: Label `sub@fig:coastline' multiply defined.


LaTeX Warning: Label `fig:coastline' multiply defined.


LaTeX Warning: Label `sub@fig:coastline' multiply defined.

)
LaTeX Font Info:    Checking defaults for OML/cmm/m/it on input line 41.
LaTeX Font Info:    ... okay on input line 41.
LaTeX Font Info:    Checking defaults for T1/cmr/m/n on input line 41.
LaTeX Font Info:    ... okay on input line 41.
LaTeX Font Info:    Checking defaults for OT1/cmr/m/n on input line 41.
LaTeX Font Info:    ... okay on input line 41.
LaTeX Font Info:    Checking defaults for OMS/cmsy/m/n on input line 41.
LaTeX Font Info:    ... okay on input line 41.
LaTeX Font Info:    Checking defaults for OMX/cmex/m/n on input line 41.
LaTeX Font Info:    ... okay on input line 41.
LaTeX Font Info:    Checking defaults for U/cmr/m/n on input line 41.
LaTeX Font Info:    ... okay on input line 41.

*geometry* driver: auto-detecting
*geometry* detected driver: pdftex
*geometry* verbose mode - [ preamble ] result:
* driver: pdftex
* paper: <default>
* layout: <same size as paper>
* layoutoffset:(h,v)=(0.0pt,0.0pt)
* modes: 
* h-part:(L,W,R)=(72.26999pt, 469.75502pt, 72.26999pt)
* v-part:(T,H,B)=(54.2025pt, 668.4975pt, 72.26999pt)
* \paperwidth=614.295pt
* \paperheight=794.96999pt
* \textwidth=469.75502pt
* \textheight=668.4975pt
* \oddsidemargin=0.0pt
* \evensidemargin=0.0pt
* \topmargin=-55.06749pt
* \headheight=12.0pt
* \headsep=25.0pt
* \topskip=10.0pt
* \footskip=30.0pt
* \marginparwidth=65.0pt
* \marginparsep=11.0pt
* \columnsep=10.0pt
* \skip\footins=9.0pt plus 4.0pt minus 2.0pt
* \hoffset=0.0pt
* \voffset=0.0pt
* \mag=1000
* \@twocolumnfalse
* \@twosidefalse
* \@mparswitchfalse
* \@reversemarginfalse
* (1in=72.27pt=25.4mm, 1cm=28.453pt)

Package lastpage Info: Please have a look at the pageslts package at
(lastpage)             http://www.ctan.org/tex-archive/ 
(lastpage)             macros/latex/contrib/pageslts/ 
(lastpage)             or
(lastpage)             http://www.ctan.org/tex-archive/ 
(lastpage)             install/macros/latex/contrib/pageslts.tds.zip
(lastpage)             ! on input line 41.
(C:\Users\Miranda\AppData\Roaming\MiKTeX\2.9\tex\context\base\supp-pdf.mkii
[Loading MPS to PDF converter (version 2006.09.02).]
\scratchcounter=\count108
\scratchdimen=\dimen131
\scratchbox=\box28
\nofMPsegments=\count109
\nofMParguments=\count110
\everyMPshowfont=\toks23
\MPscratchCnt=\count111
\MPscratchDim=\dimen132
\MPnumerator=\count112
\makeMPintoPDFobject=\count113
\everyMPtoPDFconversion=\toks24
)
Package caption Info: Begin \AtBeginDocument code.
Package caption Info: End \AtBeginDocument code.
LaTeX Info: Redefining \celsius on input line 41.
Package gensymb Info: Faking symbols for \degree and \celsius on input line 41.



Package gensymb Warning: Not defining \perthousand.

LaTeX Info: Redefining \ohm on input line 41.
Package gensymb Info: Using \Omega for \ohm on input line 41.

Package gensymb Warning: Not defining \micro.

LaTeX Font Info:    Try loading font information for U+msa on input line 43.
("C:\Program Files (x86)\MiKTeX 2.9\tex\latex\amsfonts\umsa.fd"
File: umsa.fd 2013/01/14 v3.01 AMS symbols A
)
LaTeX Font Info:    Try loading font information for U+msb on input line 43.

("C:\Program Files (x86)\MiKTeX 2.9\tex\latex\amsfonts\umsb.fd"
File: umsb.fd 2013/01/14 v3.01 AMS symbols B
) [1

{C:/Users/Miranda/AppData/Local/MiKTeX/2.9/pdftex/config/pdftex.map}] [2]
<ISScoverage.png, id=19, 1203.7472pt x 590.205pt>
File: ISScoverage.png Graphic file (type png)
 <use ISScoverage.png>
Package pdftex.def Info: ISScoverage.png used on input line 100.
(pdftex.def)             Requested size: 446.26114pt x 218.8047pt.

<Michigan_sat.png, id=20, 423.08063pt x 316.93407pt>
File: Michigan_sat.png Graphic file (type png)
 <use Michigan_sat.png>
Package pdftex.def Info: Michigan_sat.png used on input line 118.
(pdftex.def)             Requested size: 202.9279pt x 152.01538pt.

<Michigan.png, id=21, 421.575pt x 316.18124pt>
File: Michigan.png Graphic file (type png)
 <use Michigan.png>
Package pdftex.def Info: Michigan.png used on input line 124.
(pdftex.def)             Requested size: 202.93263pt x 152.19948pt.


LaTeX Warning: `!h' float specifier changed to `!ht'.

[3 <C:/Users/Miranda/Documents/GitHub/OpNavEKF/AIAA SciTech Paper/ISScoverage.p
ng (PNG copy)>] [4 <C:/Users/Miranda/Documents/GitHub/OpNavEKF/AIAA SciTech Pap
er/Michigan_sat.png> <C:/Users/Miranda/Documents/GitHub/OpNavEKF/AIAA SciTech P
aper/Michigan.png (PNG copy)>] <LOSgeometry.pdf, id=35, 722.7pt x 542.025pt>
File: LOSgeometry.pdf Graphic file (type pdf)

<use LOSgeometry.pdf>
Package pdftex.def Info: LOSgeometry.pdf used on input line 243.
(pdftex.def)             Requested size: 352.3198pt x 197.9326pt.
 [5 <C:/Users/Miranda/Documents/GitHub/OpNavEKF/AIAA SciTech Paper/LOSgeometry.
pdf>] <contourplot.png, id=60, 1203.7472pt x 590.205pt>
File: contourplot.png Graphic file (type png)

<use contourplot.png>
Package pdftex.def Info: contourplot.png used on input line 289.
(pdftex.def)             Requested size: 1805.61636pt x 885.30533pt.
 [6 <C:/Users/Miranda/Documents/GitHub/OpNavEKF/AIAA SciTech Paper/contourplot.
png (PNG copy)>]
Overfull \hbox (5.22607pt too wide) in paragraph at lines 308--317
 [][] 
 []

<MC_pos0.png, id=64, 590.205pt x 578.16pt>
File: MC_pos0.png Graphic file (type png)
 <use MC_pos0.png>
Package pdftex.def Info: MC_pos0.png used on input line 322.
(pdftex.def)             Requested size: 230.17902pt x 225.48149pt.

<MC_vel0.png, id=65, 590.205pt x 578.16pt>
File: MC_vel0.png Graphic file (type png)
 <use MC_vel0.png>
Package pdftex.def Info: MC_vel0.png used on input line 328.
(pdftex.def)             Requested size: 230.17902pt x 225.48149pt.
 [7 <C:/Users/Miranda/Documents/GitHub/OpNavEKF/AIAA SciTech Paper/MC_pos0.png 
(PNG copy)> <C:/Users/Miranda/Documents/GitHub/OpNavEKF/AIAA SciTech Paper/MC_v
el0.png (PNG copy)>] <MC_pos45.png, id=70, 590.205pt x 578.16pt>
File: MC_pos45.png Graphic file (type png)
 <use MC_pos45.png>
Package pdftex.def Info: MC_pos45.png used on input line 342.
(pdftex.def)             Requested size: 230.17902pt x 225.48149pt.

<MC_vel45.png, id=71, 590.205pt x 578.16pt>
File: MC_vel45.png Graphic file (type png)
 <use MC_vel45.png>
Package pdftex.def Info: MC_vel45.png used on input line 348.
(pdftex.def)             Requested size: 230.17902pt x 225.48149pt.

<MC_pos90.png, id=72, 590.205pt x 578.16pt>
File: MC_pos90.png Graphic file (type png)
 <use MC_pos90.png>
Package pdftex.def Info: MC_pos90.png used on input line 359.
(pdftex.def)             Requested size: 230.17902pt x 225.48149pt.

<MC_vel90.png, id=73, 590.205pt x 578.16pt>
File: MC_vel90.png Graphic file (type png)
 <use MC_vel90.png>
Package pdftex.def Info: MC_vel90.png used on input line 365.
(pdftex.def)             Requested size: 230.17902pt x 225.48149pt.

<MC_pos45_500.png, id=74, 590.205pt x 578.16pt>
File: MC_pos45_500.png Graphic file (type png)
 <use MC_pos45_500.png>
Package pdftex.def Info: MC_pos45_500.png used on input line 376.
(pdftex.def)             Requested size: 230.17902pt x 225.48149pt.

<MC_vel45_500.png, id=75, 590.205pt x 578.16pt>
File: MC_vel45_500.png Graphic file (type png)
 <use MC_vel45_500.png>
Package pdftex.def Info: MC_vel45_500.png used on input line 382.
(pdftex.def)             Requested size: 230.17902pt x 225.48149pt.


LaTeX Warning: `!h' float specifier changed to `!ht'.

<MC_pos90_500.png, id=76, 590.205pt x 578.16pt>
File: MC_pos90_500.png Graphic file (type png)
 <use MC_pos90_500.png>
Package pdftex.def Info: MC_pos90_500.png used on input line 393.
(pdftex.def)             Requested size: 230.17902pt x 225.48149pt.

<MC_vel90_500.png, id=77, 590.205pt x 578.16pt>
File: MC_vel90_500.png Graphic file (type png)
 <use MC_vel90_500.png>
Package pdftex.def Info: MC_vel90_500.png used on input line 399.
(pdftex.def)             Requested size: 230.17902pt x 225.48149pt.


LaTeX Warning: `!h' float specifier changed to `!ht'.

[8

 <C:/Users/Miranda/Documents/GitHub/OpNavEKF/AIAA SciTech Paper/MC_pos45.png (P
NG copy)> <C:/Users/Miranda/Documents/GitHub/OpNavEKF/AIAA SciTech Paper/MC_vel
45.png (PNG copy)> <C:/Users/Miranda/Documents/GitHub/OpNavEKF/AIAA SciTech Pap
er/MC_pos90.png (PNG copy)> <C:/Users/Miranda/Documents/GitHub/OpNavEKF/AIAA Sc
iTech Paper/MC_vel90.png (PNG copy)>] [9 <C:/Users/Miranda/Documents/GitHub/OpN
avEKF/AIAA SciTech Paper/MC_pos45_500.png (PNG copy)> <C:/Users/Miranda/Documen
ts/GitHub/OpNavEKF/AIAA SciTech Paper/MC_vel45_500.png (PNG copy)> <C:/Users/Mi
randa/Documents/GitHub/OpNavEKF/AIAA SciTech Paper/MC_pos90_500.png (PNG copy)>
 <C:/Users/Miranda/Documents/GitHub/OpNavEKF/AIAA SciTech Paper/MC_vel90_500.pn
g (PNG copy)>]
("C:\Users\Miranda\Documents\GitHub\OpNavEKF\AIAA SciTech Paper\AIAA SciTech Dr
aft_Final.bbl") 
AED: lastpage setting LastPage
[10

]
("C:\Users\Miranda\Documents\GitHub\OpNavEKF\AIAA SciTech Paper\AIAA SciTech Dr
aft_Final.aux")

LaTeX Warning: There were multiply-defined labels.

 ) 
Here is how much of TeX's memory you used:
 4196 strings out of 493921
 61108 string characters out of 3144871
 129465 words of memory out of 3000000
 7412 multiletter control sequences out of 15000+200000
 14375 words of font info for 55 fonts, out of 3000000 for 9000
 841 hyphenation exceptions out of 8191
 42i,13n,45p,1542b,486s stack positions out of 5000i,500n,10000p,200000b,50000s
<C:/Program Files (x86)/MiKTeX 2.9/fonts/type1/public/amsfonts/cm/cmbx10.pfb>
<C:/Program Files (x86)/MiKTeX 2.9/fonts/type1/public/amsfonts/cm/cmbx12.pfb><C
:/Program Files (x86)/MiKTeX 2.9/fonts/type1/public/amsfonts/cm/cmbx7.pfb><C:/P
rogram Files (x86)/MiKTeX 2.9/fonts/type1/public/amsfonts/cm/cmbx9.pfb><C:/Prog
ram Files (x86)/MiKTeX 2.9/fonts/type1/public/amsfonts/cm/cmex10.pfb><C:/Progra
m Files (x86)/MiKTeX 2.9/fonts/type1/public/amsfonts/cm/cmmi10.pfb><C:/Program 
Files (x86)/MiKTeX 2.9/fonts/type1/public/amsfonts/cm/cmmi7.pfb><C:/Program Fil
es (x86)/MiKTeX 2.9/fonts/type1/public/amsfonts/cm/cmr10.pfb><C:/Program Files 
(x86)/MiKTeX 2.9/fonts/type1/public/amsfonts/cm/cmr12.pfb><C:/Program Files (x8
6)/MiKTeX 2.9/fonts/type1/public/amsfonts/cm/cmr5.pfb><C:/Program Files (x86)/M
iKTeX 2.9/fonts/type1/public/amsfonts/cm/cmr6.pfb><C:/Program Files (x86)/MiKTe
X 2.9/fonts/type1/public/amsfonts/cm/cmr7.pfb><C:/Program Files (x86)/MiKTeX 2.
9/fonts/type1/public/amsfonts/cm/cmr8.pfb><C:/Program Files (x86)/MiKTeX 2.9/fo
nts/type1/public/amsfonts/cm/cmr9.pfb><C:/Program Files (x86)/MiKTeX 2.9/fonts/
type1/public/amsfonts/cm/cmsy10.pfb><C:/Program Files (x86)/MiKTeX 2.9/fonts/ty
pe1/public/amsfonts/cm/cmsy6.pfb><C:/Program Files (x86)/MiKTeX 2.9/fonts/type1
/public/amsfonts/cm/cmsy7.pfb><C:/Program Files (x86)/MiKTeX 2.9/fonts/type1/pu
blic/amsfonts/cm/cmsy8.pfb><C:/Program Files (x86)/MiKTeX 2.9/fonts/type1/publi
c/amsfonts/cm/cmti10.pfb><C:/Program Files (x86)/MiKTeX 2.9/fonts/type1/public/
amsfonts/cm/cmti8.pfb><C:/Program Files (x86)/MiKTeX 2.9/fonts/type1/public/ams
fonts/symbols/msam10.pfb>
Output written on "AIAA SciTech Draft_Final.pdf" (10 pages, 862890 bytes).
PDF statistics:
 154 PDF objects out of 1000 (max. 8388607)
 0 named destinations out of 1000 (max. 500000)
 82 words of extra memory for PDF output out of 10000 (max. 10000000)

