This is pdfTeX, Version 3.1415926-2.5-1.40.14 (MiKTeX 2.9) (preloaded format=pdflatex 2014.5.2)  27 MAY 2014 11:28
entering extended mode
**template.tex
("C:\Users\Miranda\Google Drive\Research\LaTeX\AIAA Template\template.tex"
LaTeX2e <2011/06/27>
Babel <v3.8m> and hyphenation patterns for english, afrikaans, ancientgreek, arabic, armenian, assamese, basque, bengali
, bokmal, bulgarian, catalan, coptic, croatian, czech, danish, dutch, esperanto, estonian, farsi, finnish, french, galic
ian, german, german-x-2013-05-26, greek, gujarati, hindi, hungarian, icelandic, indonesian, interlingua, irish, italian,
 kannada, kurmanji, latin, latvian, lithuanian, malayalam, marathi, mongolian, mongolianlmc, monogreek, ngerman, ngerman
-x-2013-05-26, nynorsk, oriya, panjabi, pinyin, polish, portuguese, romanian, russian, sanskrit, serbian, slovak, sloven
ian, spanish, swedish, swissgerman, tamil, telugu, turkish, turkmen, ukenglish, ukrainian, uppersorbian, usenglishmax, w
elsh, loaded.

If latex fails to find aiaa-tc, read the README file!
("C:\Users\Miranda\Google Drive\Research\LaTeX\AIAA Template\aiaa-tc.cls"
Document Class: aiaa-tc 2004/11/23 v3.8 AIAA technical conference paper
("C:\Program Files (x86)\MiKTeX 2.9\tex\latex\base\article.cls"
Document Class: article 2007/10/19 v1.4h Standard LaTeX document class
("C:\Program Files (x86)\MiKTeX 2.9\tex\latex\base\size10.clo"
File: size10.clo 2007/10/19 v1.4h Standard LaTeX file (size option)
)
\c@part=\count79
\c@section=\count80
\c@subsection=\count81
\c@subsubsection=\count82
\c@paragraph=\count83
\c@subparagraph=\count84
\c@figure=\count85
\c@table=\count86
\abovecaptionskip=\skip41
\belowcaptionskip=\skip42
\bibindent=\dimen102
)
(C:\Users\Miranda\AppData\Roaming\MiKTeX\2.9\tex\latex\geometry-de\geometry.sty
Package: geometry 2010/09/12 v5.6 Page Geometry

("C:\Program Files (x86)\MiKTeX 2.9\tex\latex\graphics\keyval.sty"
Package: keyval 1999/03/16 v1.13 key=value parser (DPC)
\KV@toks@=\toks14
)
("C:\Program Files (x86)\MiKTeX 2.9\tex\generic\oberdiek\ifpdf.sty"
Package: ifpdf 2011/01/30 v2.3 Provides the ifpdf switch (HO)
Package ifpdf Info: pdfTeX in PDF mode is detected.
)
("C:\Program Files (x86)\MiKTeX 2.9\tex\generic\oberdiek\ifvtex.sty"
Package: ifvtex 2010/03/01 v1.5 Detect VTeX and its facilities (HO)
Package ifvtex Info: VTeX not detected.
)
("C:\Program Files (x86)\MiKTeX 2.9\tex\generic\ifxetex\ifxetex.sty"
Package: ifxetex 2010/09/12 v0.6 Provides ifxetex conditional
)
\Gm@cnth=\count87
\Gm@cntv=\count88
\c@Gm@tempcnt=\count89
\Gm@bindingoffset=\dimen103
\Gm@wd@mp=\dimen104
\Gm@odd@mp=\dimen105
\Gm@even@mp=\dimen106
\Gm@layoutwidth=\dimen107
\Gm@layoutheight=\dimen108
\Gm@layouthoffset=\dimen109
\Gm@layoutvoffset=\dimen110
\Gm@dimlist=\toks15

("C:\Program Files (x86)\MiKTeX 2.9\tex\latex\geometry\geometry.cfg"))
(C:\Users\Miranda\AppData\Roaming\MiKTeX\2.9\tex\latex\cite\overcite.sty
Package: overcite 1999/04/23  v 3.8
)
(C:\Users\Miranda\AppData\Roaming\MiKTeX\2.9\tex\latex\fancyhdr\fancyhdr.sty
\fancy@headwidth=\skip43
\f@ncyO@elh=\skip44
\f@ncyO@erh=\skip45
\f@ncyO@olh=\skip46
\f@ncyO@orh=\skip47
\f@ncyO@elf=\skip48
\f@ncyO@erf=\skip49
\f@ncyO@olf=\skip50
\f@ncyO@orf=\skip51
)
(C:\Users\Miranda\AppData\Roaming\MiKTeX\2.9\tex\latex\lastpage\lastpage.sty
Package: lastpage 2013/01/28 v1.2l Refers to last page's name (HMM; JPG)
)
("C:\Program Files (x86)\MiKTeX 2.9\tex\latex\graphics\graphicx.sty"
Package: graphicx 1999/02/16 v1.0f Enhanced LaTeX Graphics (DPC,SPQR)

("C:\Program Files (x86)\MiKTeX 2.9\tex\latex\graphics\graphics.sty"
Package: graphics 2009/02/05 v1.0o Standard LaTeX Graphics (DPC,SPQR)

("C:\Program Files (x86)\MiKTeX 2.9\tex\latex\graphics\trig.sty"
Package: trig 1999/03/16 v1.09 sin cos tan (DPC)
)
("C:\Program Files (x86)\MiKTeX 2.9\tex\latex\00miktex\graphics.cfg"
File: graphics.cfg 2007/01/18 v1.5 graphics configuration of teTeX/TeXLive
)
Package graphics Info: Driver file: pdftex.def on input line 91.

("C:\Program Files (x86)\MiKTeX 2.9\tex\latex\pdftex-def\pdftex.def"
File: pdftex.def 2011/05/27 v0.06d Graphics/color for pdfTeX

("C:\Program Files (x86)\MiKTeX 2.9\tex\generic\oberdiek\infwarerr.sty"
Package: infwarerr 2010/04/08 v1.3 Providing info/warning/error messages (HO)
)
("C:\Program Files (x86)\MiKTeX 2.9\tex\generic\oberdiek\ltxcmds.sty"
Package: ltxcmds 2011/11/09 v1.22 LaTeX kernel commands for general use (HO)
)
\Gread@gobject=\count90
))
\Gin@req@height=\dimen111
\Gin@req@width=\dimen112
)
("C:\Program Files (x86)\MiKTeX 2.9\tex\latex\tools\array.sty"
Package: array 2008/09/09 v2.4c Tabular extension package (FMi)
\col@sep=\dimen113
\extrarowheight=\dimen114
\NC@list=\toks16
\extratabsurround=\skip52
\backup@length=\skip53
)
\aiaa@overhang=\skip54
\c@aiaa@cthanks=\count91
\c@aiaa@cfootnote=\count92
)
No file template.aux.
LaTeX Font Info:    Checking defaults for OML/cmm/m/it on input line 81.
LaTeX Font Info:    ... okay on input line 81.
LaTeX Font Info:    Checking defaults for T1/cmr/m/n on input line 81.
LaTeX Font Info:    ... okay on input line 81.
LaTeX Font Info:    Checking defaults for OT1/cmr/m/n on input line 81.
LaTeX Font Info:    ... okay on input line 81.
LaTeX Font Info:    Checking defaults for OMS/cmsy/m/n on input line 81.
LaTeX Font Info:    ... okay on input line 81.
LaTeX Font Info:    Checking defaults for OMX/cmex/m/n on input line 81.
LaTeX Font Info:    ... okay on input line 81.
LaTeX Font Info:    Checking defaults for U/cmr/m/n on input line 81.
LaTeX Font Info:    ... okay on input line 81.
*geometry* driver: auto-detecting
*geometry* detected driver: pdftex
*geometry* verbose mode - [ preamble ] result:
* driver: pdftex
* paper: <default>
* layout: <same size as paper>
* layoutoffset:(h,v)=(0.0pt,0.0pt)
* modes: 
* h-part:(L,W,R)=(72.26999pt, 469.75502pt, 72.26999pt)
* v-part:(T,H,B)=(54.2025pt, 668.4975pt, 72.26999pt)
* \paperwidth=614.295pt
* \paperheight=794.96999pt
* \textwidth=469.75502pt
* \textheight=668.4975pt
* \oddsidemargin=0.0pt
* \evensidemargin=0.0pt
* \topmargin=-55.06749pt
* \headheight=12.0pt
* \headsep=25.0pt
* \topskip=10.0pt
* \footskip=30.0pt
* \marginparwidth=65.0pt
* \marginparsep=11.0pt
* \columnsep=10.0pt
* \skip\footins=9.0pt plus 4.0pt minus 2.0pt
* \hoffset=0.0pt
* \voffset=0.0pt
* \mag=1000
* \@twocolumnfalse
* \@twosidefalse
* \@mparswitchfalse
* \@reversemarginfalse
* (1in=72.27pt=25.4mm, 1cm=28.453pt)

Package lastpage Info: Please have a look at the pageslts package at
(lastpage)             http://www.ctan.org/tex-archive/ 
(lastpage)             macros/latex/contrib/pageslts/ 
(lastpage)             or
(lastpage)             http://www.ctan.org/tex-archive/ 
(lastpage)             install/macros/latex/contrib/pageslts.tds.zip
(lastpage)             ! on input line 81.
(C:\Users\Miranda\AppData\Roaming\MiKTeX\2.9\tex\context\base\supp-pdf.mkii
[Loading MPS to PDF converter (version 2006.09.02).]
\scratchcounter=\count93
\scratchdimen=\dimen115
\scratchbox=\box26
\nofMPsegments=\count94
\nofMParguments=\count95
\everyMPshowfont=\toks17
\MPscratchCnt=\count96
\MPscratchDim=\dimen116
\MPnumerator=\count97
\makeMPintoPDFobject=\count98
\everyMPtoPDFconversion=\toks18
)
LaTeX Font Info:    External font `cmex10' loaded for size
(Font)              <17.28> on input line 83.
LaTeX Font Info:    External font `cmex10' loaded for size
(Font)              <12> on input line 83.
LaTeX Font Info:    External font `cmex10' loaded for size
(Font)              <8> on input line 83.
LaTeX Font Info:    External font `cmex10' loaded for size
(Font)              <6> on input line 83.
LaTeX Font Info:    External font `cmex10' loaded for size
(Font)              <5> on input line 83.
LaTeX Font Info:    External font `cmex10' loaded for size
(Font)              <9> on input line 86.
LaTeX Font Info:    External font `cmex10' loaded for size
(Font)              <7> on input line 99.


LaTeX Warning: Reference `e:function' on page 1 undefined on input line 131.


LaTeX Warning: Reference `LastPage' on page 1 undefined on input line 138.

[1

{C:/Users/Miranda/AppData/Local/MiKTeX/2.9/pdftex/config/pdftex.map}]

LaTeX Warning: Reference `e:function' on page 2 undefined on input line 139.


LaTeX Warning: Citation `rebek:82bk' on page 2 undefined on input line 140.


LaTeX Warning: Reference `f:magnetic_field' on page 2 undefined on input line 145.

<figure_magnet.pdf, id=19, 416.55624pt x 315.1775pt>
File: figure_magnet.pdf Graphic file (type pdf)
 <use figure_magnet.pdf>
Package pdftex.def Info: figure_magnet.pdf used on input line 148.
(pdftex.def)             Requested size: 469.78143pt x 355.44908pt.


LaTeX Warning: Reference `t:scheme_comparison' on page 2 undefined on input line 159.


LaTeX Warning: Reference `LastPage' on page 2 undefined on input line 194.

[2 <C:/Users/Miranda/Google Drive/Research/LaTeX/AIAA Template/figure_magnet.pdf>]

Package lastpage Warning: Rerun to get the references right on input line 203.


AED: lastpage setting LastPage

LaTeX Warning: Reference `LastPage' on page 3 undefined on input line 203.

[3] ("C:\Users\Miranda\Google Drive\Research\LaTeX\AIAA Template\template.aux")

LaTeX Warning: There were undefined references.


LaTeX Warning: Label(s) may have changed. Rerun to get cross-references right.

 ) 
Here is how much of TeX's memory you used:
 1982 strings out of 493921
 27245 string characters out of 3144871
 90447 words of memory out of 3000000
 5273 multiletter control sequences out of 15000+200000
 11229 words of font info for 39 fonts, out of 3000000 for 9000
 841 hyphenation exceptions out of 8191
 34i,11n,45p,395b,273s stack positions out of 5000i,500n,10000p,200000b,50000s
<C:/Program Files (x86)/MiKTeX 2.9/fonts/type1/public/amsfonts/cm/cmbx10.pfb><C:/Program Files (x86)/MiKTeX 2.9/fonts/
type1/public/amsfonts/cm/cmbx12.pfb><C:/Program Files (x86)/MiKTeX 2.9/fonts/type1/public/amsfonts/cm/cmbx6.pfb><C:/Prog
ram Files (x86)/MiKTeX 2.9/fonts/type1/public/amsfonts/cm/cmbx7.pfb><C:/Program Files (x86)/MiKTeX 2.9/fonts/type1/publi
c/amsfonts/cm/cmbx8.pfb><C:/Program Files (x86)/MiKTeX 2.9/fonts/type1/public/amsfonts/cm/cmbx9.pfb><C:/Program Files (x
86)/MiKTeX 2.9/fonts/type1/public/amsfonts/cm/cmex10.pfb><C:/Program Files (x86)/MiKTeX 2.9/fonts/type1/public/amsfonts/
cm/cmmi10.pfb><C:/Program Files (x86)/MiKTeX 2.9/fonts/type1/public/amsfonts/cm/cmmi7.pfb><C:/Program Files (x86)/MiKTeX
 2.9/fonts/type1/public/amsfonts/cm/cmr10.pfb><C:/Program Files (x86)/MiKTeX 2.9/fonts/type1/public/amsfonts/cm/cmr12.pf
b><C:/Program Files (x86)/MiKTeX 2.9/fonts/type1/public/amsfonts/cm/cmr5.pfb><C:/Program Files (x86)/MiKTeX 2.9/fonts/ty
pe1/public/amsfonts/cm/cmr6.pfb><C:/Program Files (x86)/MiKTeX 2.9/fonts/type1/public/amsfonts/cm/cmr7.pfb><C:/Program F
iles (x86)/MiKTeX 2.9/fonts/type1/public/amsfonts/cm/cmr8.pfb><C:/Program Files (x86)/MiKTeX 2.9/fonts/type1/public/amsf
onts/cm/cmsy10.pfb><C:/Program Files (x86)/MiKTeX 2.9/fonts/type1/public/amsfonts/cm/cmsy6.pfb><C:/Program Files (x86)/M
iKTeX 2.9/fonts/type1/public/amsfonts/cm/cmsy7.pfb><C:/Program Files (x86)/MiKTeX 2.9/fonts/type1/public/amsfonts/cm/cms
y8.pfb><C:/Program Files (x86)/MiKTeX 2.9/fonts/type1/public/amsfonts/cm/cmti10.pfb><C:/Program Files (x86)/MiKTeX 2.9/f
onts/type1/public/amsfonts/cm/cmti8.pfb><C:/Program Files (x86)/MiKTeX 2.9/fonts/type1/public/amsfonts/cm/cmtt10.pfb>
Output written on template.pdf (3 pages, 249116 bytes).
PDF statistics:
 104 PDF objects out of 1000 (max. 8388607)
 0 named destinations out of 1000 (max. 500000)
 6 words of extra memory for PDF output out of 10000 (max. 10000000)

